<?xml version="1.0" encoding="UTF-8"?>
<!-- Generated by org.testng.reporters.JUnitReportReporter -->
<testsuite hostname="VAMAHAJA-GYQR1" name="org.bytegeeks.audit.ModelComparatorTest" tests="3" failures="0" timestamp="27 Feb 2018 17:39:04 GMT" time="0.482" errors="0">
  <testcase name="testNFVDeploymentObject" time="0.116" classname="org.bytegeeks.audit.ModelComparatorTest"/>
  <testcase name="testPlainListIndex" time="0.321" classname="org.bytegeeks.audit.ModelComparatorTest"/>
  <testcase name="testNFVDeploymentObjectIgnoreAdminRule" time="0.045" classname="org.bytegeeks.audit.ModelComparatorTest"/>
</testsuite> <!-- org.bytegeeks.audit.ModelComparatorTest -->
